#
# There is insufficient memory for the Java Runtime Environment to continue.
# Native memory allocation (mmap) failed to map 22020096 bytes for committing reserved memory.
# Possible reasons:
#   The system is out of physical RAM or swap space
#   In 32 bit mode, the process size limit was hit
# Possible solutions:
#   Reduce memory load on the system
#   Increase physical memory or swap space
#   Check if swap backing store is full
#   Use 64 bit Java on a 64 bit OS
#   Decrease Java heap size (-Xmx/-Xms)
#   Decrease number of Java threads
#   Decrease Java thread stack sizes (-Xss)
#   Set larger code cache with -XX:ReservedCodeCacheSize=
# This output file may be truncated or incomplete.
#
#  Out of Memory Error (os_linux.cpp:2627), pid=14961, tid=0x00007f0a402f2700
#
# JRE version: Java(TM) SE Runtime Environment (8.0_102-b14) (build 1.8.0_102-b14)
# Java VM: Java HotSpot(TM) 64-Bit Server VM (25.102-b14 mixed mode linux-amd64 compressed oops)
# Core dump written. Default location: /home/stup3fait/projects/didactic-happiness/repicene/core or core.14961
#

---------------  T H R E A D  ---------------

Current thread (0x00007f0a50078800):  VMThread [stack: 0x00007f0a401f2000,0x00007f0a402f3000] [id=14973]

Stack: [0x00007f0a401f2000,0x00007f0a402f3000],  sp=0x00007f0a402f1090,  free space=1020k
Native frames: (J=compiled Java code, j=interpreted, Vv=VM code, C=native code)
V  [libjvm.so+0xac52aa]  VMError::report_and_die()+0x2ba
V  [libjvm.so+0x4fc29b]  report_vm_out_of_memory(char const*, int, unsigned long, VMErrorType, char const*)+0x8b
V  [libjvm.so+0x922603]  os::Linux::commit_memory_impl(char*, unsigned long, bool)+0x103
V  [libjvm.so+0x922b59]  os::pd_commit_memory(char*, unsigned long, unsigned long, bool)+0x29
V  [libjvm.so+0x91ce5a]  os::commit_memory(char*, unsigned long, unsigned long, bool)+0x2a
V  [libjvm.so+0x9915e3]  PSVirtualSpace::expand_by(unsigned long)+0x53
V  [libjvm.so+0x9929e8]  PSYoungGen::resize_generation(unsigned long, unsigned long)+0xf8
V  [libjvm.so+0x991b42]  PSYoungGen::resize(unsigned long, unsigned long)+0x22
V  [libjvm.so+0x98ee1b]  PSScavenge::invoke_no_policy()+0xf3b
V  [libjvm.so+0x98f5a1]  PSScavenge::invoke()+0x41
V  [libjvm.so+0x9462f0]  ParallelScavengeHeap::failed_mem_allocate(unsigned long)+0x70
V  [libjvm.so+0xac6cc7]  VM_ParallelGCFailedAllocation::doit()+0x97
V  [libjvm.so+0xace7a5]  VM_Operation::evaluate()+0x55
V  [libjvm.so+0xaccb7a]  VMThread::evaluate_operation(VM_Operation*)+0xba
V  [libjvm.so+0xaccefe]  VMThread::loop()+0x1ce
V  [libjvm.so+0xacd370]  VMThread::run()+0x70
V  [libjvm.so+0x9249c8]  java_start(Thread*)+0x108

VM_Operation (0x00007f0a032f69b0): ParallelGCFailedAllocation, mode: safepoint, requested by thread 0x00007f09e8005800


---------------  P R O C E S S  ---------------

Java Threads: ( => current thread )
  0x00007f09e8b5d800 JavaThread "VM JFR Buffer Thread" daemon [_thread_blocked, id=15996, stack(0x00007f0a019d3000,0x00007f0a01ad4000)]
  0x00007f09e808f800 JavaThread "JFR request timer" daemon [_thread_blocked, id=15995, stack(0x00007f0a01ed6000,0x00007f0a01fd7000)]
  0x00007f09f800f000 JavaThread "RMI TCP Connection(2)-127.0.0.1" daemon [_thread_blocked, id=15994, stack(0x00007f0a021dc000,0x00007f0a022dd000)]
  0x00007f09e804b800 JavaThread "RMI Scheduler(0)" daemon [_thread_blocked, id=15989, stack(0x00007f0a037fe000,0x00007f0a038ff000)]
  0x00007f09f8005800 JavaThread "RMI TCP Connection(1)-127.0.0.1" daemon [_thread_in_native, id=15988, stack(0x00007f0a035fc000,0x00007f0a036fd000)]
  0x00007f09f40ee800 JavaThread "RMI TCP Accept-0" daemon [_thread_in_native, id=15985, stack(0x00007f0a038ff000,0x00007f0a03a00000)]
  0x00007f0a20001000 JavaThread "Attach Listener" daemon [_thread_blocked, id=15667, stack(0x00007f0a036fd000,0x00007f0a037fe000)]
  0x00007f09e8005800 JavaThread "nREPL-worker-2" daemon [_thread_blocked, id=15363, stack(0x00007f0a031f8000,0x00007f0a032f9000)]
  0x00007f09ec001000 JavaThread "clojure-agent-send-off-pool-6" [_thread_in_native, id=15005, stack(0x00007f0a032f9000,0x00007f0a033fa000)]
  0x00007f09f4003000 JavaThread "clojure-agent-send-off-pool-5" [_thread_in_native, id=15004, stack(0x00007f0a033fa000,0x00007f0a034fb000)]
  0x00007f09f4001800 JavaThread "clojure-agent-send-off-pool-4" [_thread_blocked, id=15003, stack(0x00007f0a034fb000,0x00007f0a035fc000)]
  0x00007f0a5068d000 JavaThread "clojure.core.async.timers/timeout-daemon" daemon [_thread_blocked, id=14989, stack(0x00007f0a38ca3000,0x00007f0a38da4000)]
  0x00007f0a5017d000 JavaThread "Monitor Ctrl-Break" daemon [_thread_in_native, id=14983, stack(0x00007f0a395bb000,0x00007f0a396bc000)]
  0x00007f0a500c1800 JavaThread "Service Thread" daemon [_thread_blocked, id=14980, stack(0x00007f0a399bf000,0x00007f0a39ac0000)]
  0x00007f0a500be800 JavaThread "C1 CompilerThread2" daemon [_thread_blocked, id=14979, stack(0x00007f0a39ac0000,0x00007f0a39bc1000)]
  0x00007f0a500bc800 JavaThread "C2 CompilerThread1" daemon [_thread_blocked, id=14978, stack(0x00007f0a39bc1000,0x00007f0a39cc2000)]
  0x00007f0a500b9800 JavaThread "C2 CompilerThread0" daemon [_thread_blocked, id=14977, stack(0x00007f0a39cc2000,0x00007f0a39dc3000)]
  0x00007f0a500b8000 JavaThread "Signal Dispatcher" daemon [_thread_blocked, id=14976, stack(0x00007f0a39dc3000,0x00007f0a39ec4000)]
  0x00007f0a50085000 JavaThread "Finalizer" daemon [_thread_blocked, id=14975, stack(0x00007f0a3a0ef000,0x00007f0a3a1f0000)]
  0x00007f0a50080800 JavaThread "Reference Handler" daemon [_thread_blocked, id=14974, stack(0x00007f0a400f1000,0x00007f0a401f2000)]
  0x00007f0a5000b000 JavaThread "main" [_thread_blocked, id=14963, stack(0x00007f0a588d1000,0x00007f0a589d2000)]

Other Threads:
=>0x00007f0a50078800 VMThread [stack: 0x00007f0a401f2000,0x00007f0a402f3000] [id=14973]
  0x00007f0a500c4800 WatcherThread [stack: 0x00007f0a398be000,0x00007f0a399bf000] [id=14981]

VM state:at safepoint (normal execution)

VM Mutex/Monitor currently owned by a thread:  ([mutex/lock_event])
[0x00007f0a50007140] Threads_lock - owner thread: 0x00007f0a50078800
[0x00007f0a50007640] Heap_lock - owner thread: 0x00007f09e8005800

Heap:
 PSYoungGen      total 304640K, used 592K [0x00000000ebf80000, 0x00000000feb00000, 0x0000000100000000)
  eden space 303104K, 0% used [0x00000000ebf80000,0x00000000ebf80000,0x00000000fe780000)
  from space 1536K, 38% used [0x00000000fe800000,0x00000000fe894010,0x00000000fe980000)
  to   space 1024K, 0% used [0x00000000fea00000,0x00000000fea00000,0x00000000feb00000)
 ParOldGen       total 69120K, used 27961K [0x00000000c3e00000, 0x00000000c8180000, 0x00000000ebf80000)
  object space 69120K, 40% used [0x00000000c3e00000,0x00000000c594e600,0x00000000c8180000)
 Metaspace       used 45762K, capacity 62858K, committed 63000K, reserved 1095680K
  class space    used 10537K, capacity 16840K, committed 16936K, reserved 1048576K

Card table byte_map: [0x00007f0a554c0000,0x00007f0a556a2000] byte_map_base: 0x00007f0a54ea1000

Marking Bits: (ParMarkBitMap*) 0x00007f0a57dd3c60
 Begin Bits: [0x00007f0a3a1f0000, 0x00007f0a3b0f8000)
 End Bits:   [0x00007f0a3b0f8000, 0x00007f0a3c000000)

Polling page: 0x00007f0a589fc000

CodeCache: size=245760Kb used=17885Kb max_used=17907Kb free=227874Kb
 bounds [0x00007f0a41000000, 0x00007f0a421a0000, 0x00007f0a50000000]
 total_blobs=5137 nmethods=4697 adapters=353
 compilation: enabled

Compilation events (10 events):
Event: 579.195 Thread 0x00007f0a500bc800 6466       4       sun.reflect.ReflectionFactory::copyField (10 bytes)
Event: 579.196 Thread 0x00007f0a500b9800 6467       4       java.lang.reflect.ReflectAccess::copyField (5 bytes)
Event: 579.196 Thread 0x00007f0a500be800 6468       3       java.lang.System::getProperty (25 bytes)
Event: 579.210 Thread 0x00007f0a500be800 nmethod 6468 0x00007f0a4217cbd0 code [0x00007f0a4217ce20, 0x00007f0a4217d7d8]
Event: 579.210 Thread 0x00007f0a500be800 6470       3       java.util.AbstractCollection::containsAll (38 bytes)
Event: 579.211 Thread 0x00007f0a500be800 nmethod 6470 0x00007f0a4217c290 code [0x00007f0a4217c440, 0x00007f0a4217c998]
Event: 579.211 Thread 0x00007f0a500be800 6469       3       java.lang.System::checkKey (34 bytes)
Event: 579.211 Thread 0x00007f0a500be800 nmethod 6469 0x00007f0a42167250 code [0x00007f0a42167400, 0x00007f0a421677e8]
Event: 579.217 Thread 0x00007f0a500bc800 nmethod 6466 0x00007f0a42186390 code [0x00007f0a42186500, 0x00007f0a421866f8]
Event: 579.218 Thread 0x00007f0a500b9800 nmethod 6467 0x00007f0a4218ef10 code [0x00007f0a4218f060, 0x00007f0a4218f1d8]

GC Heap History (10 events):
Event: 574.903 GC heap after
Heap after GC invocations=635 (full 2):
 PSYoungGen      total 244736K, used 1006K [0x00000000ebf80000, 0x00000000fc400000, 0x0000000100000000)
  eden space 243712K, 0% used [0x00000000ebf80000,0x00000000ebf80000,0x00000000fad80000)
  from space 1024K, 98% used [0x00000000fc280000,0x00000000fc37ba08,0x00000000fc380000)
  to   space 512K, 0% used [0x00000000fc380000,0x00000000fc380000,0x00000000fc400000)
 ParOldGen       total 49152K, used 28476K [0x00000000c3e00000, 0x00000000c6e00000, 0x00000000ebf80000)
  object space 49152K, 57% used [0x00000000c3e00000,0x00000000c59cf0e0,0x00000000c6e00000)
 Metaspace       used 41687K, capacity 58710K, committed 58920K, reserved 1091584K
  class space    used 10049K, capacity 16337K, committed 16424K, reserved 1048576K
}
Event: 574.931 GC heap before
{Heap before GC invocations=636 (full 2):
 PSYoungGen      total 244736K, used 6734K [0x00000000ebf80000, 0x00000000fc400000, 0x0000000100000000)
  eden space 243712K, 2% used [0x00000000ebf80000,0x00000000ec517f40,0x00000000fad80000)
  from space 1024K, 98% used [0x00000000fc280000,0x00000000fc37ba08,0x00000000fc380000)
  to   space 512K, 0% used [0x00000000fc380000,0x00000000fc380000,0x00000000fc400000)
 ParOldGen       total 49152K, used 28476K [0x00000000c3e00000, 0x00000000c6e00000, 0x00000000ebf80000)
  object space 49152K, 57% used [0x00000000c3e00000,0x00000000c59cf0e0,0x00000000c6e00000)
 Metaspace       used 42048K, capacity 59068K, committed 59160K, reserved 1091584K
  class space    used 10083K, capacity 16370K, committed 16424K, reserved 1048576K
Event: 574.936 GC heap after
Heap after GC invocations=636 (full 2):
 PSYoungGen      total 265216K, used 512K [0x00000000ebf80000, 0x00000000fd300000, 0x0000000100000000)
  eden space 264704K, 0% used [0x00000000ebf80000,0x00000000ebf80000,0x00000000fc200000)
  from space 512K, 100% used [0x00000000fc380000,0x00000000fc400000,0x00000000fc400000)
  to   space 1536K, 0% used [0x00000000fc200000,0x00000000fc200000,0x00000000fc380000)
 ParOldGen       total 49152K, used 28917K [0x00000000c3e00000, 0x00000000c6e00000, 0x00000000ebf80000)
  object space 49152K, 58% used [0x00000000c3e00000,0x00000000c5a3d578,0x00000000c6e00000)
 Metaspace       used 42048K, capacity 59068K, committed 59160K, reserved 1091584K
  class space    used 10083K, capacity 16370K, committed 16424K, reserved 1048576K
}
Event: 574.936 GC heap before
{Heap before GC invocations=637 (full 3):
 PSYoungGen      total 265216K, used 512K [0x00000000ebf80000, 0x00000000fd300000, 0x0000000100000000)
  eden space 264704K, 0% used [0x00000000ebf80000,0x00000000ebf80000,0x00000000fc200000)
  from space 512K, 100% used [0x00000000fc380000,0x00000000fc400000,0x00000000fc400000)
  to   space 1536K, 0% used [0x00000000fc200000,0x00000000fc200000,0x00000000fc380000)
 ParOldGen       total 49152K, used 28917K [0x00000000c3e00000, 0x00000000c6e00000, 0x00000000ebf80000)
  object space 49152K, 58% used [0x00000000c3e00000,0x00000000c5a3d578,0x00000000c6e00000)
 Metaspace       used 42048K, capacity 59068K, committed 59160K, reserved 1091584K
  class space    used 10083K, capacity 16370K, committed 16424K, reserved 1048576K
Event: 575.258 GC heap after
Heap after GC invocations=637 (full 3):
 PSYoungGen      total 265216K, used 0K [0x00000000ebf80000, 0x00000000fd300000, 0x0000000100000000)
  eden space 264704K, 0% used [0x00000000ebf80000,0x00000000ebf80000,0x00000000fc200000)
  from space 512K, 0% used [0x00000000fc380000,0x00000000fc380000,0x00000000fc400000)
  to   space 1536K, 0% used [0x00000000fc200000,0x00000000fc200000,0x00000000fc380000)
 ParOldGen       total 69120K, used 27889K [0x00000000c3e00000, 0x00000000c8180000, 0x00000000ebf80000)
  object space 69120K, 40% used [0x00000000c3e00000,0x00000000c593c5f0,0x00000000c8180000)
 Metaspace       used 42048K, capacity 59068K, committed 59160K, reserved 1091584K
  class space    used 10083K, capacity 16370K, committed 16424K, reserved 1048576K
}
Event: 578.643 GC heap before
{Heap before GC invocations=638 (full 3):
 PSYoungGen      total 265216K, used 264704K [0x00000000ebf80000, 0x00000000fd300000, 0x0000000100000000)
  eden space 264704K, 100% used [0x00000000ebf80000,0x00000000fc200000,0x00000000fc200000)
  from space 512K, 0% used [0x00000000fc380000,0x00000000fc380000,0x00000000fc400000)
  to   space 1536K, 0% used [0x00000000fc200000,0x00000000fc200000,0x00000000fc380000)
 ParOldGen       total 69120K, used 27889K [0x00000000c3e00000, 0x00000000c8180000, 0x00000000ebf80000)
  object space 69120K, 40% used [0x00000000c3e00000,0x00000000c593c5f0,0x00000000c8180000)
 Metaspace       used 45762K, capacity 62858K, committed 63000K, reserved 1095680K
  class space    used 10537K, capacity 16840K, committed 16936K, reserved 1048576K
Event: 578.660 GC heap after
Heap after GC invocations=638 (full 3):
 PSYoungGen      total 266240K, used 608K [0x00000000ebf80000, 0x00000000feb80000, 0x0000000100000000)
  eden space 264704K, 0% used [0x00000000ebf80000,0x00000000ebf80000,0x00000000fc200000)
  from space 1536K, 39% used [0x00000000fc200000,0x00000000fc298000,0x00000000fc380000)
  to   space 1536K, 0% used [0x00000000fea00000,0x00000000fea00000,0x00000000feb80000)
 ParOldGen       total 69120K, used 27961K [0x00000000c3e00000, 0x00000000c8180000, 0x00000000ebf80000)
  object space 69120K, 40% used [0x00000000c3e00000,0x00000000c594e600,0x00000000c8180000)
 Metaspace       used 45762K, capacity 62858K, committed 63000K, reserved 1095680K
  class space    used 10537K, capacity 16840K, committed 16936K, reserved 1048576K
}
Event: 579.182 GC heap before
{Heap before GC invocations=639 (full 3):
 PSYoungGen      total 266240K, used 265312K [0x00000000ebf80000, 0x00000000feb80000, 0x0000000100000000)
  eden space 264704K, 100% used [0x00000000ebf80000,0x00000000fc200000,0x00000000fc200000)
  from space 1536K, 39% used [0x00000000fc200000,0x00000000fc298000,0x00000000fc380000)
  to   space 1536K, 0% used [0x00000000fea00000,0x00000000fea00000,0x00000000feb80000)
 ParOldGen       total 69120K, used 27961K [0x00000000c3e00000, 0x00000000c8180000, 0x00000000ebf80000)
  object space 69120K, 40% used [0x00000000c3e00000,0x00000000c594e600,0x00000000c8180000)
 Metaspace       used 45762K, capacity 62858K, committed 63000K, reserved 1095680K
  class space    used 10537K, capacity 16840K, committed 16936K, reserved 1048576K
Event: 579.194 GC heap after
Heap after GC invocations=639 (full 3):
 PSYoungGen      total 304128K, used 640K [0x00000000ebf80000, 0x00000000feb00000, 0x0000000100000000)
  eden space 303104K, 0% used [0x00000000ebf80000,0x00000000ebf80000,0x00000000fe780000)
  from space 1024K, 62% used [0x00000000fea00000,0x00000000feaa0000,0x00000000feb00000)
  to   space 1536K, 0% used [0x00000000fe800000,0x00000000fe800000,0x00000000fe980000)
 ParOldGen       total 69120K, used 27961K [0x00000000c3e00000, 0x00000000c8180000, 0x00000000ebf80000)
  object space 69120K, 40% used [0x00000000c3e00000,0x00000000c594e600,0x00000000c8180000)
 Metaspace       used 45762K, capacity 62858K, committed 63000K, reserved 1095680K
  class space    used 10537K, capacity 16840K, committed 16936K, reserved 1048576K
}
Event: 580.125 GC heap before
{Heap before GC invocations=640 (full 3):
 PSYoungGen      total 304128K, used 303744K [0x00000000ebf80000, 0x00000000feb00000, 0x0000000100000000)
  eden space 303104K, 100% used [0x00000000ebf80000,0x00000000fe780000,0x00000000fe780000)
  from space 1024K, 62% used [0x00000000fea00000,0x00000000feaa0000,0x00000000feb00000)
  to   space 1536K, 0% used [0x00000000fe800000,0x00000000fe800000,0x00000000fe980000)
 ParOldGen       total 69120K, used 27961K [0x00000000c3e00000, 0x00000000c8180000, 0x00000000ebf80000)
  object space 69120K, 40% used [0x00000000c3e00000,0x00000000c594e600,0x00000000c8180000)
 Metaspace       used 45762K, capacity 62858K, committed 63000K, reserved 1095680K
  class space    used 10537K, capacity 16840K, committed 16936K, reserved 1048576K

Deoptimization events (10 events):
Event: 571.017 Thread 0x00007f0a20001000 Uncommon trap: reason=bimorphic action=maybe_recompile pc=0x00007f0a41f29e20 method=java.lang.ClassLoader.loadClass(Ljava/lang/String;)Ljava/lang/Class; @ 3
Event: 571.017 Thread 0x00007f0a20001000 Uncommon trap: reason=bimorphic action=maybe_recompile pc=0x00007f0a41f29e20 method=java.lang.ClassLoader.loadClass(Ljava/lang/String;)Ljava/lang/Class; @ 3
Event: 571.023 Thread 0x00007f0a20001000 Uncommon trap: reason=unstable_if action=reinterpret pc=0x00007f0a414e13f4 method=java.lang.Class.arrayContentsEq([Ljava/lang/Object;[Ljava/lang/Object;)Z @ 1
Event: 571.187 Thread 0x00007f09f8005800 Uncommon trap: reason=unstable_if action=reinterpret pc=0x00007f0a41fb06ac method=java.util.ArrayList.toArray([Ljava/lang/Object;)[Ljava/lang/Object; @ 48
Event: 571.251 Thread 0x00007f09f8005800 Uncommon trap: reason=unstable_if action=reinterpret pc=0x00007f0a41882a08 method=sun.security.provider.SecureRandom.engineNextBytes([B)V @ 62
Event: 571.464 Thread 0x00007f09f8005800 Uncommon trap: reason=unstable_if action=reinterpret pc=0x00007f0a413a0aa0 method=sun.misc.MetaIndex.mayContain(Ljava/lang/String;)Z @ 38
Event: 571.728 Thread 0x00007f09f8005800 Uncommon trap: reason=unstable_if action=reinterpret pc=0x00007f0a41648ddc method=java.io.ObjectOutputStream$BlockDataOutputStream.writeBytes(Ljava/lang/String;)V @ 22
Event: 571.732 Thread 0x00007f09f8005800 Uncommon trap: reason=unstable_if action=reinterpret pc=0x00007f0a416026f0 method=java.io.BufferedOutputStream.write([BII)V @ 35
Event: 571.787 Thread 0x00007f09f8005800 Uncommon trap: reason=unstable_if action=reinterpret pc=0x00007f0a4142dfe8 method=java.io.BufferedOutputStream.write([BII)V @ 35
Event: 576.521 Thread 0x00007f09f8005800 Uncommon trap: reason=unstable_if action=reinterpret pc=0x00007f0a41c37664 method=java.util.HashMap.getNode(ILjava/lang/Object;)Ljava/util/HashMap$Node; @ 129

Internal exceptions (10 events):
Event: 571.303 Thread 0x00007f09f8005800 Exception <a 'java/lang/NoSuchMethodError': <clinit>> (0x00000000ee844df8) thrown at [/HUDSON3/workspace/8-2-build-linux-amd64/jdk8u102/7268/hotspot/src/share/vm/prims/jni.cpp, line 1613]
Event: 571.472 Thread 0x00007f09f8005800 Exception <a 'java/lang/ArrayIndexOutOfBoundsException'> (0x00000000f109be30) thrown at [/HUDSON3/workspace/8-2-build-linux-amd64/jdk8u102/7268/hotspot/src/share/vm/runtime/sharedRuntime.cpp, line 605]
Event: 571.474 Thread 0x00007f09f8005800 Exception <a 'java/lang/ArrayIndexOutOfBoundsException'> (0x00000000f109e840) thrown at [/HUDSON3/workspace/8-2-build-linux-amd64/jdk8u102/7268/hotspot/src/share/vm/runtime/sharedRuntime.cpp, line 605]
Event: 571.475 Thread 0x00007f09f8005800 Exception <a 'java/lang/ArrayIndexOutOfBoundsException'> (0x00000000f10a07f8) thrown at [/HUDSON3/workspace/8-2-build-linux-amd64/jdk8u102/7268/hotspot/src/share/vm/runtime/sharedRuntime.cpp, line 605]
Event: 571.581 Thread 0x00007f09f8005800 Exception <a 'java/lang/NoSuchMethodError': <clinit>> (0x00000000f11565e8) thrown at [/HUDSON3/workspace/8-2-build-linux-amd64/jdk8u102/7268/hotspot/src/share/vm/prims/jni.cpp, line 1613]
Event: 571.585 Thread 0x00007f09f8005800 Exception <a 'java/lang/NoSuchMethodError': <clinit>> (0x00000000f115e5f8) thrown at [/HUDSON3/workspace/8-2-build-linux-amd64/jdk8u102/7268/hotspot/src/share/vm/prims/jni.cpp, line 1613]
Event: 571.878 Thread 0x00007f09f8005800 Exception <a 'java/lang/reflect/InvocationTargetException'> (0x00000000ec185cc0) thrown at [/HUDSON3/workspace/8-2-build-linux-amd64/jdk8u102/7268/hotspot/src/share/vm/runtime/reflection.cpp, line 1092]
Event: 571.879 Thread 0x00007f09f8005800 Exception <a 'java/lang/reflect/InvocationTargetException'> (0x00000000ec186af8) thrown at [/HUDSON3/workspace/8-2-build-linux-amd64/jdk8u102/7268/hotspot/src/share/vm/runtime/reflection.cpp, line 1092]
Event: 571.892 Thread 0x00007f09f8005800 Exception <a 'java/lang/NoSuchMethodError': <clinit>> (0x00000000ef763848) thrown at [/HUDSON3/workspace/8-2-build-linux-amd64/jdk8u102/7268/hotspot/src/share/vm/prims/jni.cpp, line 1613]
Event: 576.576 Thread 0x00007f09f8005800 Exception <a 'java/lang/NoSuchMethodError': <clinit>> (0x00000000f01dd590) thrown at [/HUDSON3/workspace/8-2-build-linux-amd64/jdk8u102/7268/hotspot/src/share/vm/prims/jni.cpp, line 1613]

Events (10 events):
Event: 578.661 Executing VM operation: ParallelGCFailedAllocation done
Event: 578.663 Thread 0x00007f0a50080800 DEOPT PACKING pc=0x00007f0a41228fa4 sp=0x00007f0a401f0760
Event: 578.664 Thread 0x00007f0a50080800 DEOPT UNPACKING pc=0x00007f0a41047633 sp=0x00007f0a401f0478 mode 0
Event: 578.666 Thread 0x00007f0a50085000 DEOPT PACKING pc=0x00007f0a4122b8e4 sp=0x00007f0a3a1ee580
Event: 578.666 Thread 0x00007f0a50085000 DEOPT UNPACKING pc=0x00007f0a41047633 sp=0x00007f0a3a1ee2d0 mode 0
Event: 578.666 Thread 0x00007f0a50085000 DEOPT PACKING pc=0x00007f0a4122b0c4 sp=0x00007f0a3a1ee620
Event: 578.666 Thread 0x00007f0a50085000 DEOPT UNPACKING pc=0x00007f0a41047633 sp=0x00007f0a3a1ee370 mode 0
Event: 579.177 Executing VM operation: ParallelGCFailedAllocation
Event: 579.195 Executing VM operation: ParallelGCFailedAllocation done
Event: 580.059 Executing VM operation: ParallelGCFailedAllocation


Dynamic libraries:
00400000-00401000 r-xp 00000000 fe:01 1837040                            /home/stup3fait/bin/jdk1.8.0_102/bin/java
00600000-00601000 rw-p 00000000 fe:01 1837040                            /home/stup3fait/bin/jdk1.8.0_102/bin/java
00c39000-00c5a000 rw-p 00000000 00:00 0                                  [heap]
c3e00000-c8180000 rw-p 00000000 00:00 0 
c8180000-ebf80000 ---p 00000000 00:00 0 
ebf80000-feb00000 rw-p 00000000 00:00 0 
100000000-10108a000 rw-p 00000000 00:00 0 
10108a000-140000000 ---p 00000000 00:00 0 
7f09c8000000-7f09c8021000 rw-p 00000000 00:00 0 
7f09c8021000-7f09cc000000 ---p 00000000 00:00 0 
7f09d0000000-7f09d0021000 rw-p 00000000 00:00 0 
7f09d0021000-7f09d4000000 ---p 00000000 00:00 0 
7f09d4000000-7f09d4021000 rw-p 00000000 00:00 0 
7f09d4021000-7f09d8000000 ---p 00000000 00:00 0 
7f09d8000000-7f09d8438000 rw-p 00000000 00:00 0 
7f09d8438000-7f09dc000000 ---p 00000000 00:00 0 
7f09dc000000-7f09dc021000 rw-p 00000000 00:00 0 
7f09dc021000-7f09e0000000 ---p 00000000 00:00 0 
7f09e0000000-7f09e0021000 rw-p 00000000 00:00 0 
7f09e0021000-7f09e4000000 ---p 00000000 00:00 0 
7f09e4000000-7f09e4021000 rw-p 00000000 00:00 0 
7f09e4021000-7f09e8000000 ---p 00000000 00:00 0 
7f09e8000000-7f09e8bab000 rw-p 00000000 00:00 0 
7f09e8bab000-7f09ec000000 ---p 00000000 00:00 0 
7f09ec000000-7f09ec021000 rw-p 00000000 00:00 0 
7f09ec021000-7f09f0000000 ---p 00000000 00:00 0 
7f09f0000000-7f09f023b000 rw-p 00000000 00:00 0 
7f09f023b000-7f09f4000000 ---p 00000000 00:00 0 
7f09f4000000-7f09f40fe000 rw-p 00000000 00:00 0 
7f09f40fe000-7f09f8000000 ---p 00000000 00:00 0 
7f09f8000000-7f09f80bb000 rw-p 00000000 00:00 0 
7f09f80bb000-7f09fc000000 ---p 00000000 00:00 0 
7f09fc000000-7f09fc021000 rw-p 00000000 00:00 0 
7f09fc021000-7f0a00000000 ---p 00000000 00:00 0 
7f0a017d3000-7f0a018d3000 rw-p 00000000 00:00 0 
7f0a018d3000-7f0a019d3000 ---p 00000000 00:00 0 
7f0a019d3000-7f0a019d6000 ---p 00000000 00:00 0 
7f0a019d6000-7f0a01ad4000 rw-p 00000000 00:00 0 
7f0a01ad4000-7f0a01ad6000 r-xp 00000000 fe:01 1837135                    /home/stup3fait/bin/jdk1.8.0_102/jre/lib/amd64/libbci.so
7f0a01ad6000-7f0a01cd5000 ---p 00002000 fe:01 1837135                    /home/stup3fait/bin/jdk1.8.0_102/jre/lib/amd64/libbci.so
7f0a01cd5000-7f0a01cd6000 rw-p 00001000 fe:01 1837135                    /home/stup3fait/bin/jdk1.8.0_102/jre/lib/amd64/libbci.so
7f0a01cd6000-7f0a01ed6000 rw-p 00000000 00:00 0 
7f0a01ed6000-7f0a01ed9000 ---p 00000000 00:00 0 
7f0a01ed9000-7f0a01fd7000 rw-p 00000000 00:00 0 
7f0a01fd7000-7f0a01fdc000 r-xp 00000000 fe:01 1837122                    /home/stup3fait/bin/jdk1.8.0_102/jre/lib/amd64/libjfr.so
7f0a01fdc000-7f0a021db000 ---p 00005000 fe:01 1837122                    /home/stup3fait/bin/jdk1.8.0_102/jre/lib/amd64/libjfr.so
7f0a021db000-7f0a021dc000 rw-p 00004000 fe:01 1837122                    /home/stup3fait/bin/jdk1.8.0_102/jre/lib/amd64/libjfr.so
7f0a021dc000-7f0a021df000 ---p 00000000 00:00 0 
7f0a021df000-7f0a022dd000 rw-p 00000000 00:00 0 
7f0a022dd000-7f0a022e0000 ---p 00000000 00:00 0 
7f0a022e0000-7f0a025da000 rw-p 00000000 00:00 0 
7f0a025da000-7f0a025de000 ---p 00000000 00:00 0 
7f0a025de000-7f0a025ef000 r-xp 00000000 fe:01 1837149                    /home/stup3fait/bin/jdk1.8.0_102/jre/lib/amd64/libnio.so
7f0a025ef000-7f0a027ee000 ---p 00011000 fe:01 1837149                    /home/stup3fait/bin/jdk1.8.0_102/jre/lib/amd64/libnio.so
7f0a027ee000-7f0a027ef000 rw-p 00010000 fe:01 1837149                    /home/stup3fait/bin/jdk1.8.0_102/jre/lib/amd64/libnio.so
7f0a027ef000-7f0a029ef000 rw-p 00000000 00:00 0 
7f0a029ef000-7f0a029f8000 r-xp 00000000 fe:01 1837160                    /home/stup3fait/bin/jdk1.8.0_102/jre/lib/amd64/libmanagement.so
7f0a029f8000-7f0a02bf7000 ---p 00009000 fe:01 1837160                    /home/stup3fait/bin/jdk1.8.0_102/jre/lib/amd64/libmanagement.so
7f0a02bf7000-7f0a02bf8000 rw-p 00008000 fe:01 1837160                    /home/stup3fait/bin/jdk1.8.0_102/jre/lib/amd64/libmanagement.so
7f0a02bf8000-7f0a02df8000 rw-p 00000000 00:00 0 
7f0a02df8000-7f0a02ff8000 rw-p 00000000 00:00 0 
7f0a02ff8000-7f0a031f8000 rw-p 00000000 00:00 0 
7f0a031f8000-7f0a031fb000 ---p 00000000 00:00 0 
7f0a031fb000-7f0a032f9000 rw-p 00000000 00:00 0 
7f0a032f9000-7f0a032fc000 ---p 00000000 00:00 0 
7f0a032fc000-7f0a033fa000 rw-p 00000000 00:00 0 
7f0a033fa000-7f0a033fd000 ---p 00000000 00:00 0 
7f0a033fd000-7f0a034fb000 rw-p 00000000 00:00 0 
7f0a034fb000-7f0a034fe000 ---p 00000000 00:00 0 
7f0a034fe000-7f0a035fc000 rw-p 00000000 00:00 0 
7f0a035fc000-7f0a035ff000 ---p 00000000 00:00 0 
7f0a035ff000-7f0a036fd000 rw-p 00000000 00:00 0 
7f0a036fd000-7f0a03700000 ---p 00000000 00:00 0 
7f0a03700000-7f0a037fe000 rw-p 00000000 00:00 0 
7f0a037fe000-7f0a03801000 ---p 00000000 00:00 0 
7f0a03801000-7f0a038ff000 rw-p 00000000 00:00 0 
7f0a038ff000-7f0a03902000 ---p 00000000 00:00 0 
7f0a03902000-7f0a03c00000 rw-p 00000000 00:00 0 
7f0a03c00000-7f0a03e00000 rw-p 00000000 00:00 0 
7f0a03e00000-7f0a04000000 rw-p 00000000 00:00 0 
7f0a04000000-7f0a04021000 rw-p 00000000 00:00 0 
7f0a04021000-7f0a08000000 ---p 00000000 00:00 0 
7f0a08000000-7f0a08021000 rw-p 00000000 00:00 0 
7f0a08021000-7f0a0c000000 ---p 00000000 00:00 0 
7f0a0c000000-7f0a0ca67000 rw-p 00000000 00:00 0 
7f0a0ca67000-7f0a10000000 ---p 00000000 00:00 0 
7f0a10000000-7f0a10021000 rw-p 00000000 00:00 0 
7f0a10021000-7f0a14000000 ---p 00000000 00:00 0 
7f0a14000000-7f0a15553000 rw-p 00000000 00:00 0 
7f0a15553000-7f0a18000000 ---p 00000000 00:00 0 
7f0a18000000-7f0a19b62000 rw-p 00000000 00:00 0 
7f0a19b62000-7f0a1c000000 ---p 00000000 00:00 0 
7f0a1c000000-7f0a1c021000 rw-p 00000000 00:00 0 
7f0a1c021000-7f0a20000000 ---p 00000000 00:00 0 
7f0a20000000-7f0a20021000 rw-p 00000000 00:00 0 
7f0a20021000-7f0a24000000 ---p 00000000 00:00 0 
7f0a24000000-7f0a242a4000 rw-p 00000000 00:00 0 
7f0a242a4000-7f0a28000000 ---p 00000000 00:00 0 
7f0a28000000-7f0a28021000 rw-p 00000000 00:00 0 
7f0a28021000-7f0a2c000000 ---p 00000000 00:00 0 
7f0a2c000000-7f0a2c021000 rw-p 00000000 00:00 0 
7f0a2c021000-7f0a30000000 ---p 00000000 00:00 0 
7f0a30000000-7f0a30021000 rw-p 00000000 00:00 0 
7f0a30021000-7f0a34000000 ---p 00000000 00:00 0 
7f0a34000000-7f0a34021000 rw-p 00000000 00:00 0 
7f0a34021000-7f0a38000000 ---p 00000000 00:00 0 
7f0a380a3000-7f0a382a3000 rw-p 00000000 00:00 0 
7f0a382a3000-7f0a384a3000 rw-p 00000000 00:00 0 
7f0a384a3000-7f0a386a3000 rw-p 00000000 00:00 0 
7f0a386a3000-7f0a388a3000 rw-p 00000000 00:00 0 
7f0a388a3000-7f0a38aa3000 rw-p 00000000 00:00 0 
7f0a38aa3000-7f0a38ca3000 rw-p 00000000 00:00 0 
7f0a38ca3000-7f0a38ca6000 ---p 00000000 00:00 0 
7f0a38ca6000-7f0a38fa4000 rw-p 00000000 00:00 0 
7f0a38fa4000-7f0a391a4000 rw-p 00000000 00:00 0 
7f0a391a4000-7f0a393a4000 rw-p 00000000 00:00 0 
7f0a393a4000-7f0a393ba000 r-xp 00000000 fe:01 1837124                    /home/stup3fait/bin/jdk1.8.0_102/jre/lib/amd64/libnet.so
7f0a393ba000-7f0a395ba000 ---p 00016000 fe:01 1837124                    /home/stup3fait/bin/jdk1.8.0_102/jre/lib/amd64/libnet.so
7f0a395ba000-7f0a395bb000 rw-p 00016000 fe:01 1837124                    /home/stup3fait/bin/jdk1.8.0_102/jre/lib/amd64/libnet.so
7f0a395bb000-7f0a395be000 ---p 00000000 00:00 0 
7f0a395be000-7f0a396bc000 rw-p 00000000 00:00 0 
7f0a396bc000-7f0a396bd000 r-xp 00000000 fe:01 1838363                    /home/stup3fait/bin/idea-IU-162.1812.17/bin/libbreakgen64.so
7f0a396bd000-7f0a398bc000 ---p 00001000 fe:01 1838363                    /home/stup3fait/bin/idea-IU-162.1812.17/bin/libbreakgen64.so
7f0a398bc000-7f0a398bd000 r--p 00000000 fe:01 1838363                    /home/stup3fait/bin/idea-IU-162.1812.17/bin/libbreakgen64.so
7f0a398bd000-7f0a398be000 rw-p 00001000 fe:01 1838363                    /home/stup3fait/bin/idea-IU-162.1812.17/bin/libbreakgen64.so
7f0a398be000-7f0a398bf000 ---p 00000000 00:00 0 
7f0a398bf000-7f0a399bf000 rw-p 00000000 00:00 0 
7f0a399bf000-7f0a399c2000 ---p 00000000 00:00 0 
7f0a399c2000-7f0a39ac0000 rw-p 00000000 00:00 0 
7f0a39ac0000-7f0a39ac3000 ---p 00000000 00:00 0 
7f0a39ac3000-7f0a39bc1000 rw-p 00000000 00:00 0 
7f0a39bc1000-7f0a39bc4000 ---p 00000000 00:00 0 
7f0a39bc4000-7f0a39cc2000 rw-p 00000000 00:00 0 
7f0a39cc2000-7f0a39cc5000 ---p 00000000 00:00 0 
7f0a39cc5000-7f0a39dc3000 rw-p 00000000 00:00 0 
7f0a39dc3000-7f0a39dc6000 ---p 00000000 00:00 0 
7f0a39dc6000-7f0a39ec4000 rw-p 00000000 00:00 0 
7f0a39ec4000-7f0a3a0ef000 r--p 00000000 fe:00 1874092                    /usr/lib/locale/locale-archive
7f0a3a0ef000-7f0a3a0f2000 ---p 00000000 00:00 0 
7f0a3a0f2000-7f0a3c000000 rw-p 00000000 00:00 0 
7f0a3c000000-7f0a3c021000 rw-p 00000000 00:00 0 
7f0a3c021000-7f0a40000000 ---p 00000000 00:00 0 
7f0a400de000-7f0a400f1000 r--s 00345000 fe:01 1837348                    /home/stup3fait/bin/jdk1.8.0_102/jre/lib/resources.jar
7f0a400f1000-7f0a400f4000 ---p 00000000 00:00 0 
7f0a400f4000-7f0a401f2000 rw-p 00000000 00:00 0 
7f0a401f2000-7f0a401f3000 ---p 00000000 00:00 0 
7f0a401f3000-7f0a41000000 rw-p 00000000 00:00 0 
7f0a41000000-7f0a421a0000 rwxp 00000000 00:00 0 
7f0a421a0000-7f0a50000000 ---p 00000000 00:00 0 
7f0a50000000-7f0a510b4000 rw-p 00000000 00:00 0 
7f0a510b4000-7f0a54000000 ---p 00000000 00:00 0 
7f0a54010000-7f0a54015000 r--s 00084000 fe:01 1837223                    /home/stup3fait/bin/jdk1.8.0_102/jre/lib/jfr.jar
7f0a54015000-7f0a54019000 r--s 00097000 fe:01 1837068                    /home/stup3fait/bin/jdk1.8.0_102/jre/lib/jsse.jar
7f0a54019000-7f0a5404a000 rw-p 00000000 00:00 0 
7f0a5404a000-7f0a54098000 r--s 003c0000 fe:01 1837779                    /home/stup3fait/.m2/repository/org/clojure/clojure/1.9.0-alpha15/clojure-1.9.0-alpha15.jar
7f0a54098000-7f0a5434c000 rw-p 00000000 00:00 0 
7f0a5434c000-7f0a54524000 r--s 03d29000 fe:01 1837116                    /home/stup3fait/bin/jdk1.8.0_102/jre/lib/rt.jar
7f0a54524000-7f0a54f7b000 rw-p 00000000 00:00 0 
7f0a54f7b000-7f0a54f7c000 ---p 00000000 00:00 0 
7f0a54f7c000-7f0a5507c000 rw-p 00000000 00:00 0 
7f0a5507c000-7f0a5507d000 ---p 00000000 00:00 0 
7f0a5507d000-7f0a5517d000 rw-p 00000000 00:00 0 
7f0a5517d000-7f0a5517e000 ---p 00000000 00:00 0 
7f0a5517e000-7f0a5527e000 rw-p 00000000 00:00 0 
7f0a5527e000-7f0a5527f000 ---p 00000000 00:00 0 
7f0a5527f000-7f0a553a1000 rw-p 00000000 00:00 0 
7f0a553a1000-7f0a554c0000 ---p 00000000 00:00 0 
7f0a554c0000-7f0a554e2000 rw-p 00000000 00:00 0 
7f0a554e2000-7f0a55600000 ---p 00000000 00:00 0 
7f0a55600000-7f0a55697000 rw-p 00000000 00:00 0 
7f0a55697000-7f0a556a1000 ---p 00000000 00:00 0 
7f0a556a1000-7f0a556e9000 rw-p 00000000 00:00 0 
7f0a556e9000-7f0a55a62000 ---p 00000000 00:00 0 
7f0a55a62000-7f0a55a7c000 r-xp 00000000 fe:01 1837147                    /home/stup3fait/bin/jdk1.8.0_102/jre/lib/amd64/libzip.so
7f0a55a7c000-7f0a55c7c000 ---p 0001a000 fe:01 1837147                    /home/stup3fait/bin/jdk1.8.0_102/jre/lib/amd64/libzip.so
7f0a55c7c000-7f0a55c7d000 rw-p 0001a000 fe:01 1837147                    /home/stup3fait/bin/jdk1.8.0_102/jre/lib/amd64/libzip.so
7f0a55c7d000-7f0a55c88000 r-xp 00000000 fe:00 1837076                    /usr/lib/libnss_files-2.25.so
7f0a55c88000-7f0a55e87000 ---p 0000b000 fe:00 1837076                    /usr/lib/libnss_files-2.25.so
7f0a55e87000-7f0a55e88000 r--p 0000a000 fe:00 1837076                    /usr/lib/libnss_files-2.25.so
7f0a55e88000-7f0a55e89000 rw-p 0000b000 fe:00 1837076                    /usr/lib/libnss_files-2.25.so
7f0a55e89000-7f0a55e8f000 rw-p 00000000 00:00 0 
7f0a55e8f000-7f0a55e9a000 r-xp 00000000 fe:00 1837074                    /usr/lib/libnss_nis-2.25.so
7f0a55e9a000-7f0a56099000 ---p 0000b000 fe:00 1837074                    /usr/lib/libnss_nis-2.25.so
7f0a56099000-7f0a5609a000 r--p 0000a000 fe:00 1837074                    /usr/lib/libnss_nis-2.25.so
7f0a5609a000-7f0a5609b000 rw-p 0000b000 fe:00 1837074                    /usr/lib/libnss_nis-2.25.so
7f0a5609b000-7f0a560b0000 r-xp 00000000 fe:00 1837070                    /usr/lib/libnsl-2.25.so
7f0a560b0000-7f0a562af000 ---p 00015000 fe:00 1837070                    /usr/lib/libnsl-2.25.so
7f0a562af000-7f0a562b0000 r--p 00014000 fe:00 1837070                    /usr/lib/libnsl-2.25.so
7f0a562b0000-7f0a562b1000 rw-p 00015000 fe:00 1837070                    /usr/lib/libnsl-2.25.so
7f0a562b1000-7f0a562b3000 rw-p 00000000 00:00 0 
7f0a562b3000-7f0a562ba000 r-xp 00000000 fe:00 1837117                    /usr/lib/libnss_compat-2.25.so
7f0a562ba000-7f0a564b9000 ---p 00007000 fe:00 1837117                    /usr/lib/libnss_compat-2.25.so
7f0a564b9000-7f0a564ba000 r--p 00006000 fe:00 1837117                    /usr/lib/libnss_compat-2.25.so
7f0a564ba000-7f0a564bb000 rw-p 00007000 fe:00 1837117                    /usr/lib/libnss_compat-2.25.so
7f0a564bb000-7f0a564e5000 r-xp 00000000 fe:01 1837174                    /home/stup3fait/bin/jdk1.8.0_102/jre/lib/amd64/libjava.so
7f0a564e5000-7f0a566e5000 ---p 0002a000 fe:01 1837174                    /home/stup3fait/bin/jdk1.8.0_102/jre/lib/amd64/libjava.so
7f0a566e5000-7f0a566e7000 rw-p 0002a000 fe:01 1837174                    /home/stup3fait/bin/jdk1.8.0_102/jre/lib/amd64/libjava.so
7f0a566e7000-7f0a566f4000 r-xp 00000000 fe:01 1837125                    /home/stup3fait/bin/jdk1.8.0_102/jre/lib/amd64/libverify.so
7f0a566f4000-7f0a568f4000 ---p 0000d000 fe:01 1837125                    /home/stup3fait/bin/jdk1.8.0_102/jre/lib/amd64/libverify.so
7f0a568f4000-7f0a568f6000 rw-p 0000d000 fe:01 1837125                    /home/stup3fait/bin/jdk1.8.0_102/jre/lib/amd64/libverify.so
7f0a568f6000-7f0a568fd000 r-xp 00000000 fe:00 1837068                    /usr/lib/librt-2.25.so
7f0a568fd000-7f0a56afc000 ---p 00007000 fe:00 1837068                    /usr/lib/librt-2.25.so
7f0a56afc000-7f0a56afd000 r--p 00006000 fe:00 1837068                    /usr/lib/librt-2.25.so
7f0a56afd000-7f0a56afe000 rw-p 00007000 fe:00 1837068                    /usr/lib/librt-2.25.so
7f0a56afe000-7f0a56c10000 r-xp 00000000 fe:00 1837071                    /usr/lib/libm-2.25.so
7f0a56c10000-7f0a56e0f000 ---p 00112000 fe:00 1837071                    /usr/lib/libm-2.25.so
7f0a56e0f000-7f0a56e10000 r--p 00111000 fe:00 1837071                    /usr/lib/libm-2.25.so
7f0a56e10000-7f0a56e11000 rw-p 00112000 fe:00 1837071                    /usr/lib/libm-2.25.so
7f0a56e11000-7f0a57add000 r-xp 00000000 fe:01 1837178                    /home/stup3fait/bin/jdk1.8.0_102/jre/lib/amd64/server/libjvm.so
7f0a57add000-7f0a57cdd000 ---p 00ccc000 fe:01 1837178                    /home/stup3fait/bin/jdk1.8.0_102/jre/lib/amd64/server/libjvm.so
7f0a57cdd000-7f0a57db6000 rw-p 00ccc000 fe:01 1837178                    /home/stup3fait/bin/jdk1.8.0_102/jre/lib/amd64/server/libjvm.so
7f0a57db6000-7f0a57e01000 rw-p 00000000 00:00 0 
7f0a57e01000-7f0a57f9c000 r-xp 00000000 fe:00 1837194                    /usr/lib/libc-2.25.so
7f0a57f9c000-7f0a5819b000 ---p 0019b000 fe:00 1837194                    /usr/lib/libc-2.25.so
7f0a5819b000-7f0a5819f000 r--p 0019a000 fe:00 1837194                    /usr/lib/libc-2.25.so
7f0a5819f000-7f0a581a1000 rw-p 0019e000 fe:00 1837194                    /usr/lib/libc-2.25.so
7f0a581a1000-7f0a581a5000 rw-p 00000000 00:00 0 
7f0a581a5000-7f0a581a8000 r-xp 00000000 fe:00 1837072                    /usr/lib/libdl-2.25.so
7f0a581a8000-7f0a583a7000 ---p 00003000 fe:00 1837072                    /usr/lib/libdl-2.25.so
7f0a583a7000-7f0a583a8000 r--p 00002000 fe:00 1837072                    /usr/lib/libdl-2.25.so
7f0a583a8000-7f0a583a9000 rw-p 00003000 fe:00 1837072                    /usr/lib/libdl-2.25.so
7f0a583a9000-7f0a583be000 r-xp 00000000 fe:01 1836259                    /home/stup3fait/bin/jdk1.8.0_102/lib/amd64/jli/libjli.so
7f0a583be000-7f0a585be000 ---p 00015000 fe:01 1836259                    /home/stup3fait/bin/jdk1.8.0_102/lib/amd64/jli/libjli.so
7f0a585be000-7f0a585bf000 rw-p 00015000 fe:01 1836259                    /home/stup3fait/bin/jdk1.8.0_102/lib/amd64/jli/libjli.so
7f0a585bf000-7f0a585d8000 r-xp 00000000 fe:00 1837213                    /usr/lib/libpthread-2.25.so
7f0a585d8000-7f0a587d7000 ---p 00019000 fe:00 1837213                    /usr/lib/libpthread-2.25.so
7f0a587d7000-7f0a587d8000 r--p 00018000 fe:00 1837213                    /usr/lib/libpthread-2.25.so
7f0a587d8000-7f0a587d9000 rw-p 00019000 fe:00 1837213                    /usr/lib/libpthread-2.25.so
7f0a587d9000-7f0a587dd000 rw-p 00000000 00:00 0 
7f0a587dd000-7f0a58800000 r-xp 00000000 fe:00 1837195                    /usr/lib/ld-2.25.so
7f0a58801000-7f0a58803000 r--s 0001e000 fe:01 1838461                    /home/stup3fait/bin/idea-IU-162.1812.17/lib/idea_rt.jar
7f0a58803000-7f0a58807000 r--s 00026000 fe:01 1851946                    /home/stup3fait/.m2/repository/http-kit/http-kit/2.2.0/http-kit-2.2.0.jar
7f0a58807000-7f0a5880c000 r--s 00030000 fe:01 1848386                    /home/stup3fait/.m2/repository/org/ow2/asm/asm-all/4.2/asm-all-4.2.jar
7f0a5880c000-7f0a588d1000 rw-p 00000000 00:00 0 
7f0a588d1000-7f0a588d4000 ---p 00000000 00:00 0 
7f0a588d4000-7f0a589d4000 rw-p 00000000 00:00 0 
7f0a589d4000-7f0a589d6000 r--s 0000d000 fe:01 1845323                    /home/stup3fait/.m2/repository/org/clojure/core.async/0.3.442/core.async-0.3.442.jar
7f0a589d6000-7f0a589d7000 r--s 00001000 fe:01 1845643                    /home/stup3fait/.m2/repository/org/clojure/core.cache/0.6.5/core.cache-0.6.5.jar
7f0a589d7000-7f0a589d8000 r--s 00001000 fe:01 1848384                    /home/stup3fait/.m2/repository/org/clojure/data.priority-map/0.0.7/data.priority-map-0.0.7.jar
7f0a589d8000-7f0a589d9000 r--s 00008000 fe:01 1845321                    /home/stup3fait/.m2/repository/org/clojure/tools.analyzer.jvm/0.7.0/tools.analyzer.jvm-0.7.0.jar
7f0a589d9000-7f0a589da000 r--s 00001000 fe:01 1845322                    /home/stup3fait/.m2/repository/org/clojure/core.memoize/0.5.9/core.memoize-0.5.9.jar
7f0a589da000-7f0a589dc000 r--s 0000a000 fe:01 1848387                    /home/stup3fait/.m2/repository/org/clojure/tools.reader/1.0.0-beta4/tools.reader-1.0.0-beta4.jar
7f0a589dc000-7f0a589dd000 r--s 00002000 fe:01 1843637                    /home/stup3fait/.m2/repository/clojure-complete/clojure-complete/0.2.4/clojure-complete-0.2.4.jar
7f0a589dd000-7f0a589de000 r--s 00007000 fe:01 1844794                    /home/stup3fait/.m2/repository/org/clojure/test.check/0.9.0/test.check-0.9.0.jar
7f0a589de000-7f0a589df000 r--s 00009000 fe:01 1843634                    /home/stup3fait/.m2/repository/org/clojure/tools.nrepl/0.2.12/tools.nrepl-0.2.12.jar
7f0a589df000-7f0a589e0000 r--s 00007000 fe:01 1848376                    /home/stup3fait/.m2/repository/org/clojure/tools.analyzer/0.6.9/tools.analyzer-0.6.9.jar
7f0a589e0000-7f0a589f3000 rw-p 00000000 00:00 0 
7f0a589f3000-7f0a589fb000 rw-s 00000000 00:23 258853                     /tmp/hsperfdata_stup3fait/14961
7f0a589fb000-7f0a589fc000 rw-p 00000000 00:00 0 
7f0a589fc000-7f0a589fd000 ---p 00000000 00:00 0 
7f0a589fd000-7f0a589ff000 rw-p 00000000 00:00 0 
7f0a589ff000-7f0a58a00000 r--p 00022000 fe:00 1837195                    /usr/lib/ld-2.25.so
7f0a58a00000-7f0a58a01000 rw-p 00023000 fe:00 1837195                    /usr/lib/ld-2.25.so
7f0a58a01000-7f0a58a02000 rw-p 00000000 00:00 0 
7ffc70238000-7ffc70259000 rw-p 00000000 00:00 0                          [stack]
7ffc7028c000-7ffc7028e000 r--p 00000000 00:00 0                          [vvar]
7ffc7028e000-7ffc70290000 r-xp 00000000 00:00 0                          [vdso]
ffffffffff600000-ffffffffff601000 r-xp 00000000 00:00 0                  [vsyscall]

VM Arguments:
jvm_args: -Dfile.encoding=UTF-8 -XX:-OmitStackTraceInFastThrow -Dclojure.compile.path=/home/stup3fait/projects/didactic-happiness/repicene/target/classes -Drepicene.version=0.1.0-SNAPSHOT -Dclojure.debug=false -Didea.launcher.port=7532 -Didea.launcher.bin.path=/home/stup3fait/bin/idea-IU-162.1812.17/bin 
java_command: com.intellij.rt.execution.application.AppMain clojure.main -i /tmp/form-init8025845240016068307.clj
java_class_path (initial): /home/stup3fait/projects/didactic-happiness/repicene/test:/home/stup3fait/projects/didactic-happiness/repicene/src:/home/stup3fait/projects/didactic-happiness/repicene/dev-resources:/home/stup3fait/projects/didactic-happiness/repicene/resources:/home/stup3fait/projects/didactic-happiness/repicene/target/classes:/home/stup3fait/.m2/repository/org/clojure/tools.analyzer/0.6.9/tools.analyzer-0.6.9.jar:/home/stup3fait/.m2/repository/org/clojure/tools.nrepl/0.2.12/tools.nrepl-0.2.12.jar:/home/stup3fait/.m2/repository/org/clojure/test.check/0.9.0/test.check-0.9.0.jar:/home/stup3fait/.m2/repository/clojure-complete/clojure-complete/0.2.4/clojure-complete-0.2.4.jar:/home/stup3fait/.m2/repository/org/clojure/tools.reader/1.0.0-beta4/tools.reader-1.0.0-beta4.jar:/home/stup3fait/.m2/repository/org/clojure/core.memoize/0.5.9/core.memoize-0.5.9.jar:/home/stup3fait/.m2/repository/org/clojure/tools.analyzer.jvm/0.7.0/tools.analyzer.jvm-0.7.0.jar:/home/stup3fait/.m2/repository/org/ow2/asm/asm-all/4.2/asm-all-4.2.jar:/home/stup3fait/.m2/repository/org/clojure/data.priority-map/0.0.7/data.priority-map-0.0.7.jar:/home/stup3fait/.m2/repository/http-kit/http-kit/2.2.0/http-kit-2.2.0.jar:/home/stup3fait/.m2/repository/org/clojure/clojure/1.9.0-alpha15/clojure-1.9.0-alpha15.jar:/home/stup3fait/.m2/repository/org/clojure/core.cache/0.6.5/core.cache-0.6.5.jar:/home/stup3fait/.m2/repository/org/clojure/core.async/0.3.442/core.async-0.3.442.jar:/home/stup3fait/bin/idea-IU-162.1812.17/lib/idea_rt.jar
Launcher Type: SUN_STANDARD

Environment Variables:
JAVA_HOME=/home/stup3fait/bin/jdk
PATH=/home/stup3fait/.cargo/bin:/usr/local/sbin:/usr/local/bin:/usr/bin:/usr/lib/jvm/default/bin:/usr/bin/site_perl:/usr/bin/vendor_perl:/usr/bin/core_perl:/home/stup3fait/bin/mvn/bin:/home/stup3fait/bin/jdk/bin:/home/stup3fait/bin/idea/bin
LD_LIBRARY_PATH=/home/stup3fait/bin/idea/bin:
SHELL=/bin/zsh
DISPLAY=:0

Signal Handlers:
SIGSEGV: [libjvm.so+0xac5b30], sa_mask[0]=11111111011111111101111111111110, sa_flags=SA_RESTART|SA_SIGINFO
SIGBUS: [libjvm.so+0xac5b30], sa_mask[0]=11111111011111111101111111111110, sa_flags=SA_RESTART|SA_SIGINFO
SIGFPE: [libjvm.so+0x91f470], sa_mask[0]=11111111011111111101111111111110, sa_flags=SA_RESTART|SA_SIGINFO
SIGPIPE: [libjvm.so+0x91f470], sa_mask[0]=11111111011111111101111111111110, sa_flags=SA_RESTART|SA_SIGINFO
SIGXFSZ: [libjvm.so+0x91f470], sa_mask[0]=11111111011111111101111111111110, sa_flags=SA_RESTART|SA_SIGINFO
SIGILL: [libjvm.so+0x91f470], sa_mask[0]=11111111011111111101111111111110, sa_flags=SA_RESTART|SA_SIGINFO
SIGUSR1: SIG_DFL, sa_mask[0]=00000000000000000000000000000000, sa_flags=none
SIGUSR2: [libjvm.so+0x920aa0], sa_mask[0]=00100000000000000000000000000000, sa_flags=SA_RESTART|SA_SIGINFO
SIGHUP: [libjvm.so+0x921ea0], sa_mask[0]=11111111011111111101111111111110, sa_flags=SA_RESTART|SA_SIGINFO
SIGINT: SIG_IGN, sa_mask[0]=00000000000000000000000000000000, sa_flags=none
SIGTERM: [libjvm.so+0x921ea0], sa_mask[0]=11111111011111111101111111111110, sa_flags=SA_RESTART|SA_SIGINFO
SIGQUIT: [libjvm.so+0x921ea0], sa_mask[0]=11111111011111111101111111111110, sa_flags=SA_RESTART|SA_SIGINFO


---------------  S Y S T E M  ---------------

OS:NAME="Arch Linux"
PRETTY_NAME="Arch Linux"
ID=arch
ID_LIKE=archlinux
ANSI_COLOR="0;36"
HOME_URL="https://www.archlinux.org/"
SUPPORT_URL="https://bbs.archlinux.org/"
BUG_REPORT_URL="https://bugs.archlinux.org/"


uname:Linux 4.10.10-1-ARCH #1 SMP PREEMPT Wed Apr 12 18:50:28 CEST 2017 x86_64
libc:glibc 2.25 NPTL 2.25 
rlimit: STACK 8192k, CORE infinity, NPROC 14578, NOFILE 4096, AS infinity
load average:3.13 1.52 1.12

/proc/meminfo:
MemTotal:        3933100 kB
MemFree:           84976 kB
MemAvailable:          0 kB
Buffers:             744 kB
Cached:           216956 kB
SwapCached:            0 kB
Active:          3520604 kB
Inactive:         202572 kB
Active(anon):    3508760 kB
Inactive(anon):   190840 kB
Active(file):      11844 kB
Inactive(file):    11732 kB
Unevictable:           0 kB
Mlocked:               0 kB
SwapTotal:             0 kB
SwapFree:              0 kB
Dirty:                 0 kB
Writeback:             0 kB
AnonPages:       3505700 kB
Mapped:            98556 kB
Shmem:            193908 kB
Slab:              49032 kB
SReclaimable:      26144 kB
SUnreclaim:        22888 kB
KernelStack:        6264 kB
PageTables:        19300 kB
NFS_Unstable:          0 kB
Bounce:                0 kB
WritebackTmp:          0 kB
CommitLimit:     1966548 kB
Committed_AS:    4773428 kB
VmallocTotal:   34359738367 kB
VmallocUsed:           0 kB
VmallocChunk:          0 kB
HardwareCorrupted:     0 kB
AnonHugePages:    782336 kB
ShmemHugePages:        0 kB
ShmemPmdMapped:        0 kB
HugePages_Total:       0
HugePages_Free:        0
HugePages_Rsvd:        0
HugePages_Surp:        0
Hugepagesize:       2048 kB
DirectMap4k:      111660 kB
DirectMap2M:     3964928 kB


CPU:total 4 (2 cores per cpu, 2 threads per core) family 6 model 58 stepping 9, cmov, cx8, fxsr, mmx, sse, sse2, sse3, ssse3, sse4.1, sse4.2, popcnt, avx, aes, clmul, erms, ht, tsc, tscinvbit, tscinv

/proc/cpuinfo:
processor	: 0
vendor_id	: GenuineIntel
cpu family	: 6
model		: 58
model name	: Intel(R) Core(TM) i5-3337U CPU @ 1.80GHz
stepping	: 9
microcode	: 0x17
cpu MHz		: 1985.339
cache size	: 3072 KB
physical id	: 0
siblings	: 4
core id		: 0
cpu cores	: 2
apicid		: 0
initial apicid	: 0
fpu		: yes
fpu_exception	: yes
cpuid level	: 13
wp		: yes
flags		: fpu vme de pse tsc msr pae mce cx8 apic sep mtrr pge mca cmov pat pse36 clflush dts acpi mmx fxsr sse sse2 ss ht tm pbe syscall nx rdtscp lm constant_tsc arch_perfmon pebs bts rep_good nopl xtopology nonstop_tsc aperfmperf pni pclmulqdq dtes64 monitor ds_cpl vmx est tm2 ssse3 cx16 xtpr pdcm pcid sse4_1 sse4_2 x2apic popcnt tsc_deadline_timer aes xsave avx f16c rdrand lahf_lm epb tpr_shadow vnmi flexpriority ept vpid fsgsbase smep erms xsaveopt dtherm ida arat pln pts
bugs		:
bogomips	: 3593.46
clflush size	: 64
cache_alignment	: 64
address sizes	: 36 bits physical, 48 bits virtual
power management:

processor	: 1
vendor_id	: GenuineIntel
cpu family	: 6
model		: 58
model name	: Intel(R) Core(TM) i5-3337U CPU @ 1.80GHz
stepping	: 9
microcode	: 0x17
cpu MHz		: 1854.052
cache size	: 3072 KB
physical id	: 0
siblings	: 4
core id		: 1
cpu cores	: 2
apicid		: 2
initial apicid	: 2
fpu		: yes
fpu_exception	: yes
cpuid level	: 13
wp		: yes
flags		: fpu vme de pse tsc msr pae mce cx8 apic sep mtrr pge mca cmov pat pse36 clflush dts acpi mmx fxsr sse sse2 ss ht tm pbe syscall nx rdtscp lm constant_tsc arch_perfmon pebs bts rep_good nopl xtopology nonstop_tsc aperfmperf pni pclmulqdq dtes64 monitor ds_cpl vmx est tm2 ssse3 cx16 xtpr pdcm pcid sse4_1 sse4_2 x2apic popcnt tsc_deadline_timer aes xsave avx f16c rdrand lahf_lm epb tpr_shadow vnmi flexpriority ept vpid fsgsbase smep erms xsaveopt dtherm arat pln pts
bugs		:
bogomips	: 3594.70
clflush size	: 64
cache_alignment	: 64
address sizes	: 36 bits physical, 48 bits virtual
power management:

processor	: 2
vendor_id	: GenuineIntel
cpu family	: 6
model		: 58
model name	: Intel(R) Core(TM) i5-3337U CPU @ 1.80GHz
stepping	: 9
microcode	: 0x17
cpu MHz		: 1948.974
cache size	: 3072 KB
physical id	: 0
siblings	: 4
core id		: 0
cpu cores	: 2
apicid		: 1
initial apicid	: 1
fpu		: yes
fpu_exception	: yes
cpuid level	: 13
wp		: yes
flags		: fpu vme de pse tsc msr pae mce cx8 apic sep mtrr pge mca cmov pat pse36 clflush dts acpi mmx fxsr sse sse2 ss ht tm pbe syscall nx rdtscp lm constant_tsc arch_perfmon pebs bts rep_good nopl xtopology nonstop_tsc aperfmperf pni pclmulqdq dtes64 monitor ds_cpl vmx est tm2 ssse3 cx16 xtpr pdcm pcid sse4_1 sse4_2 x2apic popcnt tsc_deadline_timer aes xsave avx f16c rdrand lahf_lm epb tpr_shadow vnmi flexpriority ept vpid fsgsbase smep erms xsaveopt dtherm arat pln pts
bugs		:
bogomips	: 3595.59
clflush size	: 64
cache_alignment	: 64
address sizes	: 36 bits physical, 48 bits virtual
power management:

processor	: 3
vendor_id	: GenuineIntel
cpu family	: 6
model		: 58
model name	: Intel(R) Core(TM) i5-3337U CPU @ 1.80GHz
stepping	: 9
microcode	: 0x17
cpu MHz		: 1889.099
cache size	: 3072 KB
physical id	: 0
siblings	: 4
core id		: 1
cpu cores	: 2
apicid		: 3
initial apicid	: 3
fpu		: yes
fpu_exception	: yes
cpuid level	: 13
wp		: yes
flags		: fpu vme de pse tsc msr pae mce cx8 apic sep mtrr pge mca cmov pat pse36 clflush dts acpi mmx fxsr sse sse2 ss ht tm pbe syscall nx rdtscp lm constant_tsc arch_perfmon pebs bts rep_good nopl xtopology nonstop_tsc aperfmperf pni pclmulqdq dtes64 monitor ds_cpl vmx est tm2 ssse3 cx16 xtpr pdcm pcid sse4_1 sse4_2 x2apic popcnt tsc_deadline_timer aes xsave avx f16c rdrand lahf_lm epb tpr_shadow vnmi flexpriority ept vpid fsgsbase smep erms xsaveopt dtherm arat pln pts
bugs		:
bogomips	: 3594.00
clflush size	: 64
cache_alignment	: 64
address sizes	: 36 bits physical, 48 bits virtual
power management:



Memory: 4k page, physical 3933100k(84716k free), swap 0k(0k free)

vm_info: Java HotSpot(TM) 64-Bit Server VM (25.102-b14) for linux-amd64 JRE (1.8.0_102-b14), built on Jun 22 2016 18:43:17 by "java_re" with gcc 4.3.0 20080428 (Red Hat 4.3.0-8)

time: Sun May 14 21:34:18 2017
elapsed time: 582 seconds (0d 0h 9m 42s)

